2022-02-26 17:18:18,787296400 [main] ERROR training.array.service.imp.TakeString - File not found
java.nio.file.NoSuchFileException: as
	at sun.nio.fs.WindowsException.translateToIOException(WindowsException.java:85) ~[?:?]
	at sun.nio.fs.WindowsException.rethrowAsIOException(WindowsException.java:103) ~[?:?]
	at sun.nio.fs.WindowsException.rethrowAsIOException(WindowsException.java:108) ~[?:?]
	at sun.nio.fs.WindowsFileSystemProvider.newByteChannel(WindowsFileSystemProvider.java:236) ~[?:?]
	at java.nio.file.Files.newByteChannel(Files.java:380) ~[?:?]
	at java.nio.file.Files.newByteChannel(Files.java:432) ~[?:?]
	at java.nio.file.spi.FileSystemProvider.newInputStream(FileSystemProvider.java:422) ~[?:?]
	at java.nio.file.Files.newInputStream(Files.java:160) ~[?:?]
	at java.nio.file.Files.newBufferedReader(Files.java:2922) ~[?:?]
	at java.nio.file.Files.newBufferedReader(Files.java:2955) ~[?:?]
	at by.training.array.service.imp.TakeString.FileRead(TakeString.java:19) [classes/:?]
	at by.training.array.App.main(App.java:21) [classes/:?]
2022-02-26 17:19:42,237565200 [main] ERROR training.array.service.imp.TakeString - File not found
2022-02-26 17:43:25,660516800 [main] ERROR by.training.array.entity.CustomArray - Array is NULL
2022-03-06 03:43:45,482064600 [main] ERROR training.array.service.imp.FindElement - Length array[] <1
2022-03-06 03:43:45,535043000 [main] ERROR training.array.observer.imp.CustomArrayObserverImpl - Length array[] <1
2022-03-06 22:31:38,350439300 [main] ERROR training.array.service.imp.FindElement - Length array[] <1
2022-03-06 22:31:38,378440200 [main] ERROR training.array.observer.imp.CustomArrayObserverImpl - Length array[] <1
2022-03-06 23:37:42,003507100 [main] ERROR training.array.service.imp.FindElement - Length array[] <1
2022-03-06 23:37:42,027507300 [main] ERROR training.array.service.imp.FindElement - Length array[] <1
2022-03-06 23:37:42,029507000 [main] ERROR training.array.service.imp.FindElement - Length array[] <1
2022-03-06 23:37:42,030506400 [main] ERROR training.array.service.imp.FindElement - Length array[] <1
2022-03-06 23:37:42,031507100 [main] ERROR training.array.service.imp.FindElement - Length array[] <1
2022-03-06 23:37:42,032504800 [main] ERROR training.array.service.imp.FindElement - Length array[] <1
2022-03-06 23:37:42,034507700 [main] ERROR training.array.service.imp.FindElement - Length array[] <1
2022-03-06 23:37:42,034507700 [main] ERROR training.array.service.imp.FindElement - Length array[] <1
2022-03-06 23:37:42,036506900 [main] ERROR training.array.service.imp.FindElement - Length array[] <1
2022-03-06 23:37:42,036506900 [main] ERROR training.array.service.imp.FindElement - Length array[] <1
2022-03-06 23:37:42,037505200 [main] ERROR training.array.service.imp.FindElement - Length array[] <1
2022-03-06 23:37:42,038504500 [main] ERROR training.array.service.imp.FindElement - Length array[] <1
2022-03-06 23:48:09,514800500 [main] ERROR training.array.service.imp.FindElement - Length array[] <1
2022-03-06 23:48:09,576802700 [main] ERROR training.array.service.imp.FindElement - Length array[] <1
2022-03-06 23:48:09,581803400 [main] ERROR training.array.service.imp.FindElement - Length array[] <1
2022-03-06 23:48:09,581803400 [main] ERROR training.array.service.imp.FindElement - Length array[] <1
2022-03-06 23:48:09,582800600 [main] ERROR training.array.service.imp.FindElement - Length array[] <1
2022-03-06 23:48:09,583802600 [main] ERROR training.array.service.imp.FindElement - Length array[] <1
2022-03-06 23:48:09,584803600 [main] ERROR training.array.service.imp.FindElement - Length array[] <1
2022-03-06 23:48:09,585803700 [main] ERROR training.array.service.imp.FindElement - Length array[] <1
2022-03-06 23:48:09,586802500 [main] ERROR training.array.service.imp.FindElement - Length array[] <1
2022-03-06 23:48:09,587803100 [main] ERROR training.array.service.imp.FindElement - Length array[] <1
2022-03-06 23:48:09,587803100 [main] ERROR training.array.service.imp.FindElement - Length array[] <1
2022-03-06 23:48:09,588801400 [main] ERROR training.array.service.imp.FindElement - Length array[] <1
2022-03-06 23:50:02,300092200 [main] ERROR training.array.service.imp.FindElement - Length array[] <1
2022-03-06 23:50:02,308092000 [main] ERROR training.array.service.imp.FindElement - Length array[] <1
2022-03-06 23:50:02,312092100 [main] ERROR training.array.service.imp.FindElement - Length array[] <1
2022-03-06 23:50:02,313093400 [main] ERROR training.array.service.imp.FindElement - Length array[] <1
2022-03-06 23:50:02,314093400 [main] ERROR training.array.service.imp.FindElement - Length array[] <1
2022-03-06 23:50:02,315094500 [main] ERROR training.array.service.imp.FindElement - Length array[] <1
2022-03-06 23:50:02,316094200 [main] ERROR training.array.service.imp.FindElement - Length array[] <1
2022-03-06 23:50:02,317094100 [main] ERROR training.array.service.imp.FindElement - Length array[] <1
2022-03-06 23:50:02,318093200 [main] ERROR training.array.service.imp.FindElement - Length array[] <1
2022-03-06 23:50:02,319093800 [main] ERROR training.array.service.imp.FindElement - Length array[] <1
2022-03-06 23:50:02,319093800 [main] ERROR training.array.service.imp.FindElement - Length array[] <1
2022-03-06 23:50:02,320092500 [main] ERROR training.array.service.imp.FindElement - Length array[] <1
2022-03-06 23:50:45,447152000 [main] ERROR training.array.service.imp.FindElement - Length array[] <1
2022-03-06 23:50:45,455150900 [main] ERROR training.array.service.imp.FindElement - Length array[] <1
2022-03-06 23:50:45,457151600 [main] ERROR training.array.service.imp.FindElement - Length array[] <1
2022-03-06 23:50:45,457151600 [main] ERROR training.array.service.imp.FindElement - Length array[] <1
2022-03-06 23:50:45,507149700 [main] ERROR training.array.service.imp.FindElement - Length array[] <1
2022-03-06 23:50:45,508152000 [main] ERROR training.array.service.imp.FindElement - Length array[] <1
2022-03-06 23:50:45,510151600 [main] ERROR training.array.service.imp.FindElement - Length array[] <1
2022-03-06 23:50:45,510151600 [main] ERROR training.array.service.imp.FindElement - Length array[] <1
2022-03-06 23:50:45,511152300 [main] ERROR training.array.service.imp.FindElement - Length array[] <1
2022-03-06 23:50:45,512152400 [main] ERROR training.array.service.imp.FindElement - Length array[] <1
2022-03-06 23:50:45,513150800 [main] ERROR training.array.service.imp.FindElement - Length array[] <1
2022-03-06 23:50:45,513150800 [main] ERROR training.array.service.imp.FindElement - Length array[] <1
2022-03-06 23:59:00,519885700 [main] ERROR training.array.service.imp.FindElement - Length array[] <1
2022-03-06 23:59:00,527886700 [main] ERROR training.array.service.imp.FindElement - Length array[] <1
2022-03-06 23:59:00,529886700 [main] ERROR training.array.service.imp.FindElement - Length array[] <1
2022-03-06 23:59:00,529886700 [main] ERROR training.array.service.imp.FindElement - Length array[] <1
2022-03-06 23:59:00,530885700 [main] ERROR training.array.service.imp.FindElement - Length array[] <1
2022-03-06 23:59:00,531886600 [main] ERROR training.array.service.imp.FindElement - Length array[] <1
2022-03-06 23:59:00,533885000 [main] ERROR training.array.service.imp.FindElement - Length array[] <1
2022-03-06 23:59:00,534885900 [main] ERROR training.array.service.imp.FindElement - Length array[] <1
2022-03-06 23:59:00,536886200 [main] ERROR training.array.service.imp.FindElement - Length array[] <1
2022-03-06 23:59:00,539887500 [main] ERROR training.array.service.imp.FindElement - Length array[] <1
2022-03-06 23:59:00,552885800 [main] ERROR training.array.service.imp.FindElement - Length array[] <1
2022-03-06 23:59:00,552885800 [main] ERROR training.array.service.imp.FindElement - Length array[] <1
2022-03-07 00:17:50,799309200 [main] ERROR training.array.service.imp.FindElement - Length array[] <1
2022-03-07 00:17:50,818308200 [main] ERROR training.array.service.imp.FindElement - Length array[] <1
2022-03-07 00:17:50,823306600 [main] ERROR training.array.service.imp.FindElement - Length array[] <1
2022-03-07 00:17:50,823306600 [main] ERROR training.array.service.imp.FindElement - Length array[] <1
2022-03-07 00:17:50,825307300 [main] ERROR training.array.service.imp.FindElement - Length array[] <1
2022-03-07 00:17:50,826308200 [main] ERROR training.array.service.imp.FindElement - Length array[] <1
2022-03-07 00:17:50,828308900 [main] ERROR training.array.service.imp.FindElement - Length array[] <1
2022-03-07 00:17:50,828308900 [main] ERROR training.array.service.imp.FindElement - Length array[] <1
2022-03-07 00:17:50,829308100 [main] ERROR training.array.service.imp.FindElement - Length array[] <1
2022-03-07 00:17:50,829308100 [main] ERROR training.array.service.imp.FindElement - Length array[] <1
2022-03-07 00:17:50,830308900 [main] ERROR training.array.service.imp.FindElement - Length array[] <1
2022-03-07 00:17:50,831308600 [main] ERROR training.array.service.imp.FindElement - Length array[] <1
2022-03-07 00:18:35,888819000 [main] ERROR training.array.service.imp.FindElement - Length array[] <1
2022-03-07 00:18:35,896819600 [main] ERROR training.array.service.imp.FindElement - Length array[] <1
2022-03-07 00:18:35,898821100 [main] ERROR training.array.service.imp.FindElement - Length array[] <1
2022-03-07 00:18:35,898821100 [main] ERROR training.array.service.imp.FindElement - Length array[] <1
2022-03-07 00:18:35,899819900 [main] ERROR training.array.service.imp.FindElement - Length array[] <1
2022-03-07 00:18:35,900818100 [main] ERROR training.array.service.imp.FindElement - Length array[] <1
2022-03-07 00:18:35,901819800 [main] ERROR training.array.service.imp.FindElement - Length array[] <1
2022-03-07 00:18:35,903819700 [main] ERROR training.array.service.imp.FindElement - Length array[] <1
2022-03-07 00:18:35,903819700 [main] ERROR training.array.service.imp.FindElement - Length array[] <1
2022-03-07 00:18:35,904819500 [main] ERROR training.array.service.imp.FindElement - Length array[] <1
2022-03-07 00:18:35,904819500 [main] ERROR training.array.service.imp.FindElement - Length array[] <1
2022-03-07 00:18:35,905819600 [main] ERROR training.array.service.imp.FindElement - Length array[] <1
2022-03-07 00:18:58,925118800 [main] ERROR training.array.service.imp.FindElement - Length array[] <1
2022-03-07 00:18:58,934119500 [main] ERROR training.array.service.imp.FindElement - Length array[] <1
2022-03-07 00:18:58,936121000 [main] ERROR training.array.service.imp.FindElement - Length array[] <1
2022-03-07 00:18:58,936121000 [main] ERROR training.array.service.imp.FindElement - Length array[] <1
2022-03-07 00:18:58,937121800 [main] ERROR training.array.service.imp.FindElement - Length array[] <1
2022-03-07 00:18:58,938118700 [main] ERROR training.array.service.imp.FindElement - Length array[] <1
2022-03-07 00:18:58,939120300 [main] ERROR training.array.service.imp.FindElement - Length array[] <1
2022-03-07 00:18:58,939120300 [main] ERROR training.array.service.imp.FindElement - Length array[] <1
2022-03-07 00:18:58,940119600 [main] ERROR training.array.service.imp.FindElement - Length array[] <1
2022-03-07 00:18:58,941119300 [main] ERROR training.array.service.imp.FindElement - Length array[] <1
2022-03-07 00:18:58,941119300 [main] ERROR training.array.service.imp.FindElement - Length array[] <1
2022-03-07 00:18:58,942120000 [main] ERROR training.array.service.imp.FindElement - Length array[] <1
2022-03-07 00:19:30,048124700 [main] ERROR training.array.service.imp.FindElement - Length array[] <1
2022-03-07 00:19:30,058126900 [main] ERROR training.array.service.imp.FindElement - Length array[] <1
2022-03-07 00:19:30,060124900 [main] ERROR training.array.service.imp.FindElement - Length array[] <1
2022-03-07 00:19:30,060124900 [main] ERROR training.array.service.imp.FindElement - Length array[] <1
2022-03-07 00:19:30,061126200 [main] ERROR training.array.service.imp.FindElement - Length array[] <1
2022-03-07 00:19:30,063123300 [main] ERROR training.array.service.imp.FindElement - Length array[] <1
2022-03-07 00:19:30,065126200 [main] ERROR training.array.service.imp.FindElement - Length array[] <1
2022-03-07 00:19:30,066127000 [main] ERROR training.array.service.imp.FindElement - Length array[] <1
2022-03-07 00:19:30,067126100 [main] ERROR training.array.service.imp.FindElement - Length array[] <1
2022-03-07 00:19:30,068125000 [main] ERROR training.array.service.imp.FindElement - Length array[] <1
2022-03-07 00:19:30,068125000 [main] ERROR training.array.service.imp.FindElement - Length array[] <1
2022-03-07 00:19:30,069133200 [main] ERROR training.array.service.imp.FindElement - Length array[] <1
2022-03-07 01:13:32,986405900 [main] ERROR training.array.repository.imp.SpecificationMaxElementExceeds - Length array[] <1
2022-03-07 01:29:39,246128200 [main] ERROR training.array.service.imp.FindElement - Length array[] <1
2022-03-07 01:29:39,257127500 [main] ERROR training.array.service.imp.FindElement - Length array[] <1
2022-03-07 01:29:39,262127400 [main] ERROR training.array.service.imp.FindElement - Length array[] <1
2022-03-07 01:29:39,265127500 [main] ERROR training.array.service.imp.FindElement - Length array[] <1
2022-03-07 01:29:39,267127500 [main] ERROR training.array.service.imp.FindElement - Length array[] <1
2022-03-07 01:29:39,268127200 [main] ERROR training.array.service.imp.FindElement - Length array[] <1
2022-03-07 01:29:39,269128200 [main] ERROR training.array.service.imp.FindElement - Length array[] <1
2022-03-07 01:29:39,270127500 [main] ERROR training.array.service.imp.FindElement - Length array[] <1
2022-03-07 01:29:39,271126100 [main] ERROR training.array.service.imp.FindElement - Length array[] <1
2022-03-07 01:29:39,272127800 [main] ERROR training.array.service.imp.FindElement - Length array[] <1
2022-03-07 01:29:39,272127800 [main] ERROR training.array.service.imp.FindElement - Length array[] <1
2022-03-07 01:29:39,272127800 [main] ERROR training.array.service.imp.FindElement - Length array[] <1
